<?xml version="1.0" encoding="UTF-8"?>
<!-- Generated by org.testng.reporters.JUnitReportReporter -->
<testsuite skipped="0" hostname="LAPTOP-KUKH0008" name="com.paypalpayment.testcases.PaymentTestcases" tests="2" failures="0" timestamp="24 May 2020 07:00:58 GMT" time="3.587" errors="0">
  <testcase name="createAPayment" time="2.362" classname="com.paypalpayment.testcases.PaymentTestcases"/>
  <testcase name="getPaymentDetails" time="1.225" classname="com.paypalpayment.testcases.PaymentTestcases"/>
</testsuite> <!-- com.paypalpayment.testcases.PaymentTestcases -->
